28-03-2021 20:11: Updated: [606880] GreedFall
28-03-2021 20:11: Updated: [296470] Mount Your Friends
28-03-2021 20:11: Updated: [49520] Borderlands 2
28-03-2021 20:11: Updated: [1222730] STAR WARS™: Squadrons
28-03-2021 20:11: Updated: [1007040] EARTH DEFENSE FORCE 5
28-03-2021 20:11: Updated: [648800] Raft
28-03-2021 20:11: Updated: [1237950] STAR WARS™ Battlefront™ II
28-03-2021 20:11: Updated: [960090] Bloons TD 6
28-03-2021 20:11: Updated: [1263850] Football Manager 2021
28-03-2021 20:15:thth: Updated: [620980] Beat Saber
28-03-2021 20:15:thth: Updated: [286160] Tabletop Simulator
28-03-2021 20:15:thth: Updated: [1250410] Microsoft Flight Simulator
28-03-2021 20:15:thth: Updated: [880940] Pummel Party
28-03-2021 20:15:thth: Updated: [582010] Monster Hunter: World
28-03-2021 20:15:thth: Updated: [632360] Risk of Rain 2
28-03-2021 20:15:thth: Updated: [1238810] Battlefield V
28-03-2021 20:15:thth: Updated: [289070] Sid Meier’s Civilization® VI
28-03-2021 20:15:thth: Updated: [745920] Temtem
28-03-2021 20:15:thth: Updated: [1238840] Battlefield 1 ™
28-03-2021 20:15:thth: Updated: [1238860] Battlefield 4™
28-03-2021 20:15:thth: Updated: [268500] XCOM® 2
28-03-2021 20:15:thth: Updated: [24960] Battlefield: Bad Company™ 2
28-03-2021 20:15:thth: Updated: [1238820] Battlefield 3™
28-03-2021 20:15:thth: Updated: [8870] BioShock Infinite
28-03-2021 20:15:thth: Updated: [418370] Resident Evil 7 Biohazard
28-03-2021 20:15:thth: Updated: [883710] Resident Evil 2
28-03-2021 20:16:thth: Updated: [952060] Resident Evil 3
28-03-2021 20:16:thth: Updated: [1455840] Dorfromantik
28-03-2021 20:16:thth: Updated: [412020] Metro Exodus
28-03-2021 20:16:thth: Updated: [286690] Metro 2033 Redux
28-03-2021 20:16:thth: Updated: [287390] Metro: Last Light Redux
28-03-2021 20:16:thth: Updated: [287980] Mini Metro
28-03-2021 20:16:thth: Updated: [1086940] Baldur''s Gate 3
28-03-2021 20:16:thth: Updated: [105600] Terraria
28-03-2021 20:16:thth: Updated: [393380] Squad
28-03-2021 20:16:thth: Updated: [242760] The Forest
28-03-2021 20:16:thth: Updated: [266410] iRacing
28-03-2021 20:16:thth: Updated: [1222670] The Sims™ 4
28-03-2021 20:16:47: Updated: [1286830] STAR WARS™: The Old Republic™
28-03-2021 20:16:49: Updated: [570] Dota 2
28-03-2021 20:16:51: Updated: [730] Counter-Strike: Global Offensive
28-03-2021 20:16:52: Updated: [322500] SUPERHOT
28-03-2021 20:16:54: Updated: [792100] 7 Billion Humans
28-03-2021 20:16:55: Updated: [1092660] Blair Witch
28-03-2021 20:16:57: Updated: [10090] Call of Duty: World at War
28-03-2021 20:16:58: Updated: [42700] Call of Duty®: Black Ops
28-03-2021 20:17:00: Updated: [202970] Call of Duty®: Black Ops II
28-03-2021 20:17:03: Updated: [311210] Call of Duty®: Black Ops III
28-03-2021 20:17:04: Updated: [684410] Bridge Constructor Portal
28-03-2021 20:17:06: Updated: [264710] Subnautica
28-03-2021 20:17:08: Updated: [285820] Action Henk
28-03-2021 20:17:09: Updated: [57300] Amnesia: The Dark Descent
28-03-2021 20:17:11: Updated: [409710] BioShock™ Remastered
28-03-2021 20:17:12: Updated: [409720] BioShock™ 2 Remastered
28-03-2021 20:17:14: Updated: [1071870] Biped
28-03-2021 20:17:15: Updated: [218060] BIT.TRIP Presents... Runner2: Future Legend of Rhythm Alien
28-03-2021 20:17:16: Updated: [219640] Chivalry: Medieval Warfare
28-03-2021 20:17:18: Updated: [240] Counter-Strike: Source
28-03-2021 20:17:19: Updated: [374320] DARK SOULS™ III
28-03-2021 20:17:20: Updated: [570940] DARK SOULS™: REMASTERED
28-03-2021 20:17:22: Updated: [335300] DARK SOULS™ II: Scholar of the First Sin
28-03-2021 20:17:24: Updated: [690790] DiRT Rally 2.0
28-03-2021 20:17:25: Updated: [421020] DiRT 4
28-03-2021 20:17:27: Updated: [310560] DiRT Rally
28-03-2021 20:17:28: Updated: [782330] DOOM Eternal
28-03-2021 20:17:30: Updated: [379720] DOOM
28-03-2021 20:17:32: Updated: [611670] The Elder Scrolls V: Skyrim VR
28-03-2021 20:17:33: Updated: [311690] Enter the Gungeon
28-03-2021 20:17:34: Updated: [1209490] Exit the Gungeon
28-03-2021 20:17:35: Updated: [470260] Event[0]
28-03-2021 20:17:37: Updated: [1097150] Fall Guys: Ultimate Knockout
28-03-2021 20:17:38: Updated: [377160] Fallout 4
28-03-2021 20:17:40: Updated: [1151340] Fallout 76
28-03-2021 20:17:41: Updated: [22380] Fallout: New Vegas
28-03-2021 20:17:43: Updated: [224760] FEZ
28-03-2021 20:17:44: Updated: [265930] Goat Simulator
28-03-2021 20:17:46: Updated: [431240] Golf With Your Friends
28-03-2021 20:17:47: Updated: [677120] Heroes of Hammerwatch
28-03-2021 20:17:48: Updated: [524910] Hidden Through Time
28-03-2021 20:17:50: Updated: [863550] HITMAN™ 2
28-03-2021 20:17:51: Updated: [236870] HITMAN™
28-03-2021 20:17:53: Updated: [203140] Hitman: Absolution™
28-03-2021 20:17:54: Updated: [219150] Hotline Miami
28-03-2021 20:17:55: Updated: [341190] Hotline Miami 2: Wrong Number Digital Comic
28-03-2021 20:17:57: Updated: [375820] Human Resource Machine
28-03-2021 20:17:58: Updated: [581320] Insurgency: Sandstorm
28-03-2021 20:18:00: Updated: [222880] Insurgency
28-03-2021 20:18:01: Updated: [648350] Jurassic World Evolution
28-03-2021 20:18:03: Updated: [232090] Killing Floor 2
28-03-2021 20:18:04: Updated: [1250] Killing Floor
28-03-2021 20:18:06: Updated: [379430] Kingdom Come: Deliverance
28-03-2021 20:18:07: Updated: [1367550] Kingdom Rush Vengeance - Tower Defense
28-03-2021 20:18:08: Updated: [246420] Kingdom Rush  - Tower Defense
28-03-2021 20:18:10: Updated: [816340] Kingdom Rush Origins - Tower Defense
28-03-2021 20:18:11: Updated: [458710] Kingdom Rush Frontiers - Tower Defense
28-03-2021 20:18:13: Updated: [391720] Layers of Fear
28-03-2021 20:18:15: Updated: [1029890] Layers of Fear 2
28-03-2021 20:18:16: Updated: [422900] Particle Fleet: Emergence
28-03-2021 20:18:18: Updated: [246620] Plague Inc: Evolved
28-03-2021 20:18:20: Updated: [3590] Plants vs. Zombies GOTY Edition
28-03-2021 20:18:22: Updated: [367450] Poly Bridge
28-03-2021 20:18:24: Updated: [1062160] Poly Bridge 2
28-03-2021 20:18:25: Updated: [233450] Prison Architect
28-03-2021 20:18:26: Updated: [294100] RimWorld
28-03-2021 20:18:28: Updated: [22230] Rock of Ages
28-03-2021 20:18:29: Updated: [434460] Rock of Ages 2: Bigger & Boulder™
28-03-2021 20:18:30: Updated: [1101360] Rock of Ages 3: Make & Break
28-03-2021 20:18:32: Updated: [302510] Ryse: Son of Rome
28-03-2021 20:18:33: Updated: [210770] Sanctum 2
28-03-2021 20:18:35: Updated: [91600] Sanctum
28-03-2021 20:18:36: Updated: [818320] LEGO® The Incredibles
28-03-2021 20:18:37: Updated: [21130] LEGO® Harry Potter: Years 1-4
28-03-2021 20:18:38: Updated: [313690] LEGO® Batman™ 3: Beyond Gotham
28-03-2021 20:18:40: Updated: [306440] Oblitus
28-03-2021 20:18:41: Updated: [201790] Orcs Must Die! 2
28-03-2021 20:18:43: Updated: [102600] Orcs Must Die!
28-03-2021 20:18:44: Updated: [753640] Outer Wilds
28-03-2021 20:18:46: Updated: [829110] LEGO® DC Super-Villains
28-03-2021 20:18:47: Updated: [647830] LEGO® Marvel Super Heroes 2
28-03-2021 20:18:49: Updated: [352400] LEGO® Jurassic World
28-03-2021 20:18:50: Updated: [214510] LEGO® The Lord of the Rings™
28-03-2021 20:18:52: Updated: [32440] LEGO® Star Wars™ - The Complete Saga
28-03-2021 20:18:53: Updated: [32510] LEGO® Star Wars™ III - The Clone Wars™
28-03-2021 20:18:55: Updated: [285160] LEGO® The Hobbit™
28-03-2021 20:18:56: Updated: [405310] LEGO® MARVEL''s Avengers
28-03-2021 20:18:57: Updated: [249130] LEGO® Marvel™ Super Heroes
28-03-2021 20:18:59: Updated: [438640] LEGO® STAR WARS™: The Force Awakens
28-03-2021 20:19:00: Updated: [332310] LEGO® Worlds
28-03-2021 20:19:01: Updated: [578330] LEGO® City Undercover
28-03-2021 20:19:03: Updated: [311770] LEGO® Pirates of the Caribbean: The Video Game
28-03-2021 20:19:04: Updated: [204120] LEGO® Harry Potter: Years 5-7
28-03-2021 20:19:05: Updated: [32330] LEGO® Indiana Jones™: The Original Adventures
28-03-2021 20:19:06: Updated: [21000] LEGO® Batman™: The Videogame
28-03-2021 20:19:07: Updated: [213330] LEGO® Batman™ 2: DC Super Heroes
28-03-2021 20:19:09: Updated: [640590] The LEGO® NINJAGO® Movie Video Game
28-03-2021 20:19:10: Updated: [32450] LEGO® Indiana Jones™ 2: The Adventure Continues
28-03-2021 20:19:11: Updated: [1127400] Mindustry
28-03-2021 20:19:13: Updated: [341800] Keep Talking and Nobody Explodes
28-03-2021 20:19:14: Updated: [1174180] Red Dead Redemption 2
28-03-2021 20:19:16: Updated: [346110] ARK: Survival Evolved
28-03-2021 20:19:18: Updated: [359550] Tom Clancy''s Rainbow Six® Siege
28-03-2021 20:19:19: Updated: [361420] ASTRONEER
28-03-2021 20:19:21: Updated: [1217060] Gunfire Reborn
28-03-2021 20:19:22: Updated: [381210] Dead by Daylight
28-03-2021 20:19:24: Updated: [1282730] Loop Hero
28-03-2021 20:19:25: Updated: [382310] Eco
28-03-2021 20:19:27: Updated: [230410] Warframe
28-03-2021 20:19:28: Updated: [1293830] Forza Horizon 4
28-03-2021 20:19:29: Updated: [1318690] shapez.io
28-03-2021 20:19:31: Updated: [413150] Stardew Valley
28-03-2021 20:19:32: Updated: [427520] Factorio
28-03-2021 20:19:34: Updated: [1330460] Becastled
28-03-2021 20:19:35: Updated: [442070] Drawful 2
28-03-2021 20:19:36: Updated: [477160] Human: Fall Flat
28-03-2021 20:19:38: Updated: [480490] Prey
28-03-2021 20:19:40: Updated: [218620] PAYDAY 2
28-03-2021 20:19:41: Updated: [489830] The Elder Scrolls V: Skyrim Special Edition
28-03-2021 20:19:43: Updated: [236390] War Thunder
28-03-2021 20:19:44: Updated: [8930] Sid Meier''s Civilization® V
28-03-2021 20:19:46: Updated: [493520] GTFO
28-03-2021 20:19:47: Updated: [220200] Kerbal Space Program
28-03-2021 20:19:48: Updated: [526870] Satisfactory
28-03-2021 20:19:50: Updated: [546560] Half-Life: Alyx
28-03-2021 20:19:52: Updated: [552500] Warhammer: Vermintide 2
28-03-2021 20:19:53: Updated: [578080] PLAYERUNKNOWN''S BATTLEGROUNDS
28-03-2021 20:19:54: Updated: [594570] Total War: WARHAMMER II
28-03-2021 20:19:56: Updated: [641990] The Escapists 2
28-03-2021 20:19:57: Updated: [674940] Stick Fight: The Game
28-03-2021 20:19:59: Updated: [704270] Generation Zero®
28-03-2021 20:20:00: Updated: [719040] Wasteland 3
28-03-2021 20:20:02: Updated: [728880] Overcooked! 2
28-03-2021 20:20:04: Updated: [238960] Path of Exile
28-03-2021 20:20:05: Updated: [738520] Breathedge
28-03-2021 20:20:07: Updated: [620] Portal 2
28-03-2021 20:20:08: Updated: [760060] Mutant Year Zero: Road to Eden
28-03-2021 20:20:10: Updated: [251570] 7 Days to Die
28-03-2021 20:20:11: Updated: [779340] Total War: THREE KINGDOMS
28-03-2021 20:20:12: Updated: [787860] Farming Simulator 19
28-03-2021 20:20:14: Updated: [813780] Age of Empires II: Definitive Edition
28-03-2021 20:20:15: Updated: [815370] Green Hell
28-03-2021 20:20:17: Updated: [858210] Nova Drift
28-03-2021 20:20:18: Updated: [860510] Little Nightmares II
28-03-2021 20:20:19: Updated: [892970] Valheim
28-03-2021 20:20:20: Updated: [945360] Among Us
28-03-2021 20:20:22: Updated: [958400] Project CARS 3
28-03-2021 20:20:23: Updated: [962130] Grounded
28-03-2021 20:20:25: Updated: [976730] Halo: The Master Chief Collection
28-03-2021 20:20:26: Updated: [1016920] Unrailed!
28-03-2021 20:20:28: Updated: [440] Team Fortress 2
28-03-2021 20:20:29: Updated: [1038250] DIRT 5
28-03-2021 20:20:31: Updated: [550] Left 4 Dead 2
28-03-2021 20:20:33: Updated: [252490] Rust
28-03-2021 20:20:34: Updated: [1085660] Destiny 2
28-03-2021 20:20:35: Updated: [221100] DayZ
28-03-2021 20:20:37: Updated: [113200] The Binding of Isaac
28-03-2021 20:20:39: Updated: [1091500] Cyberpunk 2077
28-03-2021 20:20:40: Updated: [4000] Garry''s Mod
28-03-2021 20:20:42: Updated: [1123770] Curse of the Dead Gods
28-03-2021 20:20:43: Updated: [255710] Cities: Skylines
28-03-2021 20:20:46: Updated: [227300] Euro Truck Simulator 2
28-03-2021 20:20:47: Updated: [1147560] Skul: The Hero Slayer
28-03-2021 20:20:49: Updated: [271590] Grand Theft Auto V
28-03-2021 20:20:50: Updated: [292030] The Witcher® 3: Wild Hunt
28-03-2021 20:20:54: Updated: [304930] Unturned
28-03-2021 20:20:55: Updated: [1172470] Apex Legends™
28-03-2021 20:20:57: Updated: [594650] Hunt: Showdown
28-03-2021 20:20:58: Updated: [108600] Project Zomboid
28-03-2021 20:20:59: Updated: [508440] Totally Accurate Battle Simulator
28-03-2021 20:21:01: Updated: [493340] Planet Coaster
28-03-2021 20:21:02: Updated: [457140] Oxygen Not Included
28-03-2021 20:21:03: Updated: [397540] Borderlands 3
28-03-2021 20:21:05: Updated: [552990] World of Warships
28-03-2021 20:21:06: Updated: [881100] Noita
28-03-2021 20:21:08: Updated: [239140] Dying Light
28-03-2021 20:21:09: Updated: [593600] PixARK
28-03-2021 20:21:11: Updated: [107410] Arma 3
28-03-2021 20:21:12: Updated: [305620] The Long Dark
28-03-2021 20:21:14: Updated: [1196590] Resident Evil Village
28-03-2021 20:21:15: Updated: [1036890] Shadow Warrior 3
28-03-2021 20:21:16: Updated: [322330] Don''t Starve Together
28-03-2021 20:21:18: Updated: [1172620] Sea of Thieves
28-03-2021 20:21:19: Updated: [686810] Hell Let Loose
28-03-2021 20:21:20: Updated: [330830] Tales from the Borderlands
28-03-2021 20:21:22: Updated: [518790] theHunter: Call of the Wild™
28-03-2021 20:21:24: Updated: [548430] Deep Rock Galactic
28-03-2021 20:21:25: Updated: [848450] Subnautica: Below Zero
28-03-2021 20:21:27: Updated: [492720] Tropico 6
28-03-2021 20:21:28: Updated: [1243830] Overcooked! All You Can Eat
28-03-2021 20:21:29: Updated: [534380] Dying Light 2
28-03-2021 20:21:31: Updated: [750920] Shadow of the Tomb Raider: Definitive Edition
28-03-2021 20:21:33: Updated: [435150] Divinity: Original Sin 2 - Definitive Edition
28-03-2021 20:21:34: Updated: [1145360] Hades
28-03-2021 20:21:36: Updated: [578650] The Outer Worlds
28-03-2021 20:21:37: Updated: [562810] MONOPOLY® PLUS
28-03-2021 20:21:38: Updated: [606880] GreedFall
28-03-2021 20:21:40: Updated: [296470] Mount Your Friends
28-03-2021 20:21:41: Updated: [49520] Borderlands 2
28-03-2021 20:21:43: Updated: [1222730] STAR WARS™: Squadrons
28-03-2021 20:21:44: Updated: [1007040] EARTH DEFENSE FORCE 5
